Start testing: Jun 02 14:51 UTC
----------------------------------------------------------
1/9 Testing: html_normalization
1/9 Test: html_normalization
Command: "/usr/bin/python3.12" "-m" "doctest" "/tmp/workspace/tats-u/cmark/test/normalize.py"
Directory: /tmp/workspace/tats-u/cmark/build_baseline/testdir
"html_normalization" start time: Jun 02 14:51 UTC
Output:
----------------------------------------------------------
/tmp/workspace/tats-u/cmark/test/normalize.py:21: SyntaxWarning: invalid escape sequence '\s'
  whitespace_re = re.compile('\s+')
/tmp/workspace/tats-u/cmark/test/normalize.py:179: SyntaxWarning: invalid escape sequence '\<'
  html_chunk_re = re.compile("(\<!\[CDATA\[.*?\]\]\>|\<[^>]*\>|[^<]+)")
<end of output>
Test time =   0.07 sec
----------------------------------------------------------
Test Passed.
"html_normalization" end time: Jun 02 14:51 UTC
"html_normalization" time elapsed: 00:00:00
----------------------------------------------------------

2/9 Testing: spectest_executable
2/9 Test: spectest_executable
Command: "/usr/bin/python3.12" "/tmp/workspace/tats-u/cmark/test/spec_tests.py" "--no-normalize" "--spec" "/tmp/workspace/tats-u/cmark/test/spec.txt" "--program" "/tmp/workspace/tats-u/cmark/build_baseline/src/cmark-gfm"
Directory: /tmp/workspace/tats-u/cmark/build_baseline/testdir
"spectest_executable" start time: Jun 02 14:51 UTC
Output:
----------------------------------------------------------
670 passed, 0 failed, 0 errored, 0 skipped
<end of output>
Test time =   0.60 sec
----------------------------------------------------------
Test Passed.
"spectest_executable" end time: Jun 02 14:51 UTC
"spectest_executable" time elapsed: 00:00:00
----------------------------------------------------------

3/9 Testing: smartpuncttest_executable
3/9 Test: smartpuncttest_executable
Command: "/usr/bin/python3.12" "/tmp/workspace/tats-u/cmark/test/spec_tests.py" "--no-normalize" "--spec" "/tmp/workspace/tats-u/cmark/test/smart_punct.txt" "--program" "/tmp/workspace/tats-u/cmark/build_baseline/src/cmark-gfm --smart"
Directory: /tmp/workspace/tats-u/cmark/build_baseline/testdir
"smartpuncttest_executable" start time: Jun 02 14:51 UTC
Output:
----------------------------------------------------------
16 passed, 0 failed, 0 errored, 0 skipped
<end of output>
Test time =   0.06 sec
----------------------------------------------------------
Test Passed.
"smartpuncttest_executable" end time: Jun 02 14:51 UTC
"smartpuncttest_executable" time elapsed: 00:00:00
----------------------------------------------------------

4/9 Testing: extensions_executable
4/9 Test: extensions_executable
Command: "/usr/bin/python3.12" "/tmp/workspace/tats-u/cmark/test/spec_tests.py" "--no-normalize" "--spec" "/tmp/workspace/tats-u/cmark/test/extensions.txt" "--program" "/tmp/workspace/tats-u/cmark/build_baseline/src/cmark-gfm" "--extensions" "table strikethrough autolink tagfilter footnotes tasklist"
Directory: /tmp/workspace/tats-u/cmark/build_baseline/testdir
"extensions_executable" start time: Jun 02 14:51 UTC
Output:
----------------------------------------------------------
30 passed, 0 failed, 0 errored, 0 skipped
<end of output>
Test time =   0.07 sec
----------------------------------------------------------
Test Passed.
"extensions_executable" end time: Jun 02 14:51 UTC
"extensions_executable" time elapsed: 00:00:00
----------------------------------------------------------

5/9 Testing: roundtrip_extensions_executable
5/9 Test: roundtrip_extensions_executable
Command: "/usr/bin/python3.12" "/tmp/workspace/tats-u/cmark/test/roundtrip_tests.py" "--spec" "/tmp/workspace/tats-u/cmark/test/extensions.txt" "--program" "/tmp/workspace/tats-u/cmark/build_baseline/src/cmark-gfm" "--extensions" "table strikethrough autolink tagfilter footnotes tasklist"
Directory: /tmp/workspace/tats-u/cmark/build_baseline/testdir
"roundtrip_extensions_executable" start time: Jun 02 14:51 UTC
Output:
----------------------------------------------------------
30 passed, 0 failed, 0 errored, 0 skipped
<end of output>
Test time =   0.12 sec
----------------------------------------------------------
Test Passed.
"roundtrip_extensions_executable" end time: Jun 02 14:51 UTC
"roundtrip_extensions_executable" time elapsed: 00:00:00
----------------------------------------------------------

6/9 Testing: option_table_prefer_style_attributes
6/9 Test: option_table_prefer_style_attributes
Command: "/usr/bin/python3.12" "/tmp/workspace/tats-u/cmark/test/roundtrip_tests.py" "--spec" "/tmp/workspace/tats-u/cmark/test/extensions-table-prefer-style-attributes.txt" "--program" "/tmp/workspace/tats-u/cmark/build_baseline/src/cmark-gfm --table-prefer-style-attributes" "--extensions" "table strikethrough autolink tagfilter footnotes tasklist"
Directory: /tmp/workspace/tats-u/cmark/build_baseline/testdir
"option_table_prefer_style_attributes" start time: Jun 02 14:51 UTC
Output:
----------------------------------------------------------
1 passed, 0 failed, 0 errored, 0 skipped
<end of output>
Test time =   0.05 sec
----------------------------------------------------------
Test Passed.
"option_table_prefer_style_attributes" end time: Jun 02 14:51 UTC
"option_table_prefer_style_attributes" time elapsed: 00:00:00
----------------------------------------------------------

7/9 Testing: option_full_info_string
7/9 Test: option_full_info_string
Command: "/usr/bin/python3.12" "/tmp/workspace/tats-u/cmark/test/roundtrip_tests.py" "--spec" "/tmp/workspace/tats-u/cmark/test/extensions-full-info-string.txt" "--program" "/tmp/workspace/tats-u/cmark/build_baseline/src/cmark-gfm --full-info-string"
Directory: /tmp/workspace/tats-u/cmark/build_baseline/testdir
"option_full_info_string" start time: Jun 02 14:51 UTC
Output:
----------------------------------------------------------
4 passed, 0 failed, 0 errored, 0 skipped
<end of output>
Test time =   0.05 sec
----------------------------------------------------------
Test Passed.
"option_full_info_string" end time: Jun 02 14:51 UTC
"option_full_info_string" time elapsed: 00:00:00
----------------------------------------------------------

8/9 Testing: regressiontest_executable
8/9 Test: regressiontest_executable
Command: "/usr/bin/python3.12" "/tmp/workspace/tats-u/cmark/test/spec_tests.py" "--no-normalize" "--spec" "/tmp/workspace/tats-u/cmark/test/regression.txt" "--program" "/tmp/workspace/tats-u/cmark/build_baseline/src/cmark-gfm"
Directory: /tmp/workspace/tats-u/cmark/build_baseline/testdir
"regressiontest_executable" start time: Jun 02 14:51 UTC
Output:
----------------------------------------------------------
26 passed, 0 failed, 0 errored, 0 skipped
<end of output>
Test time =   0.07 sec
----------------------------------------------------------
Test Passed.
"regressiontest_executable" end time: Jun 02 14:51 UTC
"regressiontest_executable" time elapsed: 00:00:00
----------------------------------------------------------

9/9 Testing: api_test
9/9 Test: api_test
Command: "/tmp/workspace/tats-u/cmark/build_baseline/api_test/api_test"
Directory: /tmp/workspace/tats-u/cmark/build_baseline/api_test
"api_test" start time: Jun 02 14:51 UTC
Output:
----------------------------------------------------------
671 tests passed, 0 failed, 0 skipped
PASS
<end of output>
Test time =   0.11 sec
----------------------------------------------------------
Test Passed.
"api_test" end time: Jun 02 14:51 UTC
"api_test" time elapsed: 00:00:00
----------------------------------------------------------

End testing: Jun 02 14:51 UTC
